[debug] [2025-04-10T17:10:12.164Z] ----------------------------------------------------------------------
[debug] [2025-04-10T17:10:12.167Z] Command:       C:\Program Files\nodejs\node.exe C:\Users\Hilal\AppData\Roaming\npm\node_modules\firebase-tools\lib\bin\firebase.js init
[debug] [2025-04-10T17:10:12.167Z] CLI Version:   14.1.0
[debug] [2025-04-10T17:10:12.168Z] Platform:      win32
[debug] [2025-04-10T17:10:12.168Z] Node Version:  v20.18.0
[debug] [2025-04-10T17:10:12.168Z] Time:          Fri Apr 11 2025 00:10:12 GMT+0700 (Western Indonesia Time)
[debug] [2025-04-10T17:10:12.168Z] ----------------------------------------------------------------------
[debug] 
[debug] [2025-04-10T17:10:12.360Z] > command requires scopes: ["email","openid","https://www.googleapis.com/auth/cloudplatformprojects.readonly","https://www.googleapis.com/auth/firebase","https://www.googleapis.com/auth/cloud-platform"]
[debug] [2025-04-10T17:10:12.361Z] > authorizing via signed-in user (hilalhidayah589456@gmail.com)
[info] 
     ######## #### ########  ######## ########     ###     ######  ########
     ##        ##  ##     ## ##       ##     ##  ##   ##  ##       ##
     ######    ##  ########  ######   ########  #########  ######  ######
     ##        ##  ##    ##  ##       ##     ## ##     ##       ## ##
     ##       #### ##     ## ######## ########  ##     ##  ######  ########

You're about to initialize a Firebase project in this directory:

  C:\Hacktiv8\FlowFin\flowfin

Before we get started, keep in mind:

  * You are currently outside your home directory
  * You are initializing within an existing Firebase project directory

